\BOOKMARK [0][-]{chapter*.1}{\376\377\000D\000E\000C\000L\000A\000R\000A\000T\000I\000O\000N}{}% 1
\BOOKMARK [0][-]{chapter*.2}{\376\377\000C\000E\000R\000T\000I\000F\000I\000C\000A\000T\000E}{}% 2
\BOOKMARK [0][-]{chapter*.3}{\376\377\000A\000C\000K\000N\000O\000W\000L\000E\000D\000G\000E\000M\000E\000N\000T}{}% 3
\BOOKMARK [0][-]{chapter.1}{\376\377\000A\000b\000s\000t\000r\000a\000c\000t}{}% 4
\BOOKMARK [1][-]{section.1.1}{\376\377\000S\000u\000m\000m\000a\000r\000y\000\040\000o\000f\000\040\000O\000b\000j\000e\000c\000t\000i\000v\000e\000s}{chapter.1}% 5
\BOOKMARK [1][-]{section.1.2}{\376\377\000K\000e\000y\000\040\000D\000e\000s\000i\000g\000n\000\040\000F\000e\000a\000t\000u\000r\000e\000s}{chapter.1}% 6
\BOOKMARK [1][-]{section.1.3}{\376\377\000O\000v\000e\000r\000v\000i\000e\000w}{chapter.1}% 7
\BOOKMARK [1][-]{section.1.4}{\376\377\000F\000i\000n\000d\000i\000n\000g\000s}{chapter.1}% 8
\BOOKMARK [0][-]{chapter.2}{\376\377\000I\000n\000t\000r\000o\000d\000u\000c\000t\000i\000o\000n}{}% 9
\BOOKMARK [1][-]{section.2.1}{\376\377\000B\000a\000c\000k\000g\000r\000o\000u\000n\000d\000\040\000a\000n\000d\000\040\000S\000i\000g\000n\000i\000f\000i\000c\000a\000n\000c\000e}{chapter.2}% 10
\BOOKMARK [1][-]{section.2.2}{\376\377\000P\000r\000o\000b\000l\000e\000m\000\040\000S\000t\000a\000t\000e\000m\000e\000n\000t}{chapter.2}% 11
\BOOKMARK [1][-]{section.2.3}{\376\377\000M\000a\000i\000n\000\040\000O\000b\000j\000e\000c\000t\000i\000v\000e\000s\000\040\000o\000f\000\040\000t\000h\000e\000\040\000P\000r\000o\000j\000e\000c\000t}{chapter.2}% 12
\BOOKMARK [1][-]{section.2.4}{\376\377\000S\000c\000o\000p\000e\000\040\000a\000n\000d\000\040\000L\000i\000m\000i\000t\000a\000t\000i\000o\000n\000s\000\040\000o\000f\000\040\000t\000h\000e\000\040\000P\000r\000o\000j\000e\000c\000t}{chapter.2}% 13
\BOOKMARK [2][-]{subsection.2.4.1}{\376\377\000S\000c\000o\000p\000e\000\040\000o\000f\000\040\000t\000h\000e\000\040\000P\000r\000o\000j\000e\000c\000t}{section.2.4}% 14
\BOOKMARK [2][-]{subsection.2.4.2}{\376\377\000L\000i\000m\000i\000t\000a\000t\000i\000o\000n\000s\000\040\000o\000f\000\040\000t\000h\000e\000\040\000P\000r\000o\000j\000e\000c\000t}{section.2.4}% 15
\BOOKMARK [1][-]{section.2.5}{\376\377\000R\000e\000s\000e\000a\000r\000c\000h\000\040\000M\000e\000t\000h\000o\000d\000o\000l\000o\000g\000y\000\040\000a\000n\000d\000\040\000A\000p\000p\000r\000o\000a\000c\000h}{chapter.2}% 16
\BOOKMARK [0][-]{chapter.3}{\376\377\000M\000e\000t\000h\000o\000d\000o\000l\000o\000g\000y}{}% 17
\BOOKMARK [1][-]{section.3.1}{\376\377\000O\000b\000j\000e\000c\000t\000i\000v\000e\000\040\000D\000e\000f\000i\000n\000i\000t\000i\000o\000n}{chapter.3}% 18
\BOOKMARK [1][-]{section.3.2}{\376\377\000S\000e\000l\000e\000c\000t\000i\000o\000n\000\040\000o\000f\000\040\000S\000t\000u\000d\000y\000\040\000I\000n\000t\000e\000r\000s\000e\000c\000t\000i\000o\000n\000s}{chapter.3}% 19
\BOOKMARK [1][-]{section.3.3}{\376\377\000F\000i\000e\000l\000d\000\040\000D\000a\000t\000a\000\040\000C\000o\000l\000l\000e\000c\000t\000i\000o\000n}{chapter.3}% 20
\BOOKMARK [2][-]{subsection.3.3.1}{\376\377\000I\000n\000i\000t\000i\000a\000l\000\040\000P\000l\000a\000n}{section.3.3}% 21
\BOOKMARK [2][-]{subsection.3.3.2}{\376\377\000C\000h\000a\000l\000l\000e\000n\000g\000e\000s\000\040\000F\000a\000c\000e\000d}{section.3.3}% 22
\BOOKMARK [2][-]{subsection.3.3.3}{\376\377\000R\000e\000v\000i\000s\000e\000d\000\040\000D\000a\000t\000a\000\040\000C\000o\000l\000l\000e\000c\000t\000i\000o\000n\000\040\000S\000e\000t\000u\000p}{section.3.3}% 23
\BOOKMARK [1][-]{section.3.4}{\376\377\000S\000i\000g\000n\000a\000l\000\040\000C\000o\000n\000t\000r\000o\000l\000\040\000A\000s\000s\000u\000m\000p\000t\000i\000o\000n\000s}{chapter.3}% 24
\BOOKMARK [2][-]{subsection.3.4.1}{\376\377\000S\000a\000t\000u\000r\000a\000t\000i\000o\000n\000\040\000F\000l\000o\000w\000\040\000B\000a\000s\000e\000l\000i\000n\000e}{section.3.4}% 25
\BOOKMARK [2][-]{subsection.3.4.2}{\376\377\000P\000h\000a\000s\000e\000\040\000D\000e\000s\000i\000g\000n\000\040\000L\000o\000g\000i\000c}{section.3.4}% 26
\BOOKMARK [2][-]{subsection.3.4.3}{\376\377\000T\000i\000m\000i\000n\000g\000\040\000C\000o\000n\000s\000t\000a\000n\000t\000s}{section.3.4}% 27
\BOOKMARK [1][-]{section.3.5}{\376\377\000A\000n\000a\000l\000y\000s\000i\000s\000\040\000o\000f\000\040\000b\000o\000t\000h\000\040\000i\000n\000t\000e\000r\000s\000e\000c\000t\000i\000o\000n\000s}{chapter.3}% 28
\BOOKMARK [2][-]{subsection.3.5.1}{\376\377\000J\000y\000o\000t\000i\000\040\000C\000i\000r\000c\000l\000e\000\040\000\050\0003\000-\000A\000r\000m\000\040\000T\000-\000J\000u\000n\000c\000t\000i\000o\000n\000\051}{section.3.5}% 29
\BOOKMARK [2][-]{subsection.3.5.2}{\376\377\000H\000a\000m\000p\000a\000n\000k\000a\000t\000t\000a\000\040\000C\000i\000r\000c\000l\000e\000\040\000\050\0004\000-\000A\000r\000m\000\040\000I\000n\000t\000e\000r\000s\000e\000c\000t\000i\000o\000n\000\051}{section.3.5}% 30
\BOOKMARK [1][-]{section.3.6}{\376\377\000V\000a\000l\000i\000d\000a\000t\000i\000o\000n\000\040\000a\000n\000d\000\040\000I\000n\000t\000e\000r\000p\000r\000e\000t\000a\000t\000i\000o\000n}{chapter.3}% 31
\BOOKMARK [0][-]{chapter.4}{\376\377\000I\000R\000C\000\040\000S\000t\000a\000n\000d\000a\000r\000d\000s\000\040\000a\000n\000d\000\040\000A\000s\000s\000u\000m\000p\000t\000i\000o\000n\000s}{}% 32
\BOOKMARK [1][-]{section.4.1}{\376\377\000C\000o\000r\000e\000\040\000R\000e\000f\000e\000r\000e\000n\000c\000e\000s}{chapter.4}% 33
\BOOKMARK [1][-]{section.4.2}{\376\377\000P\000C\000U\000\040\000C\000o\000n\000v\000e\000r\000s\000i\000o\000n\000\040\000F\000a\000c\000t\000o\000r\000s}{chapter.4}% 34
\BOOKMARK [1][-]{section.4.3}{\376\377\000S\000i\000g\000n\000a\000l\000\040\000T\000i\000m\000i\000n\000g\000\040\000F\000o\000r\000m\000u\000l\000a\000s\000\040\000U\000s\000e\000d}{chapter.4}% 35
\BOOKMARK [1][-]{section.4.4}{\376\377\000A\000d\000o\000p\000t\000e\000d\000\040\000T\000i\000m\000i\000n\000g\000\040\000A\000s\000s\000u\000m\000p\000t\000i\000o\000n\000s}{chapter.4}% 36
\BOOKMARK [1][-]{section.4.5}{\376\377\000W\000h\000e\000r\000e\000\040\000E\000a\000c\000h\000\040\000S\000t\000a\000n\000d\000a\000r\000d\000\040\000S\000h\000o\000w\000s\000\040\000U\000p}{chapter.4}% 37
\BOOKMARK [1][-]{section.4.6}{\376\377\000D\000o\000c\000u\000m\000e\000n\000t\000e\000d\000\040\000D\000e\000v\000i\000a\000t\000i\000o\000n\000s}{chapter.4}% 38
\BOOKMARK [0][-]{chapter.5}{\376\377\000T\000r\000a\000f\000f\000i\000c\000\040\000S\000i\000g\000n\000a\000l\000\040\000O\000p\000t\000i\000m\000i\000z\000a\000t\000i\000o\000n\000:\000\040\000C\000o\000m\000p\000l\000e\000t\000e\000\040\000S\000y\000s\000t\000e\000m\000\040\000I\000m\000p\000l\000e\000m\000e\000n\000t\000a\000t\000i\000o\000n}{}% 39
\BOOKMARK [1][-]{section.5.1}{\376\377\000S\000y\000s\000t\000e\000m\000\040\000O\000v\000e\000r\000v\000i\000e\000w}{chapter.5}% 40
\BOOKMARK [1][-]{section.5.2}{\376\377\000D\000a\000t\000a\000\040\000C\000a\000p\000t\000u\000r\000e\000\040\000a\000n\000d\000\040\000D\000e\000m\000a\000n\000d\000\040\000E\000s\000t\000i\000m\000a\000t\000i\000o\000n}{chapter.5}% 41
\BOOKMARK [2][-]{subsection.5.2.1}{\376\377\000Y\000O\000L\000O\000\040\000D\000e\000t\000e\000c\000t\000i\000o\000n\000\040\000R\000e\000s\000u\000l\000t\000s}{section.5.2}% 42
\BOOKMARK [1][-]{section.5.3}{\376\377\000C\000a\000l\000c\000u\000l\000a\000t\000i\000o\000n\000\050\000B\000r\000a\000i\000n\000\040\000o\000f\000\040\000t\000h\000e\000\040\000s\000y\000s\000t\000e\000m\000\051}{chapter.5}% 43
\BOOKMARK [2][-]{subsection.5.3.1}{\376\377\000W\000e\000b\000s\000t\000e\000r\000'\000s\000\040\000M\000e\000t\000h\000o\000d\000\040\000\050\000P\000r\000i\000m\000a\000r\000y\000\040\000P\000a\000t\000h\000\051}{section.5.3}% 44
\BOOKMARK [2][-]{subsection.5.3.2}{\376\377\000M\000a\000c\000h\000i\000n\000e\000\040\000L\000e\000a\000r\000n\000i\000n\000g\000\040\000S\000u\000r\000r\000o\000g\000a\000t\000e\000\040\000\050\000C\000o\000m\000p\000a\000r\000a\000t\000i\000v\000e\000\040\000P\000a\000t\000h\000\051}{section.5.3}% 45
\BOOKMARK [1][-]{section.5.4}{\376\377\000W\000e\000b\000s\000t\000e\000r\000'\000s\000\040\000M\000e\000t\000h\000o\000d\000\040\000O\000p\000t\000i\000m\000i\000z\000a\000t\000i\000o\000n}{chapter.5}% 46
\BOOKMARK [1][-]{section.5.5}{\376\377\000A\000s\000s\000u\000m\000p\000t\000i\000o\000n\000s\000\040\000a\000n\000d\000\040\000D\000e\000s\000i\000g\000n\000\040\000R\000u\000l\000e\000s}{chapter.5}% 47
\BOOKMARK [2][-]{subsection.5.5.1}{\376\377\000W\000e\000b\000s\000t\000e\000r\000'\000s\000\040\000M\000e\000t\000h\000o\000d\000\040\000I\000m\000p\000l\000e\000m\000e\000n\000t\000a\000t\000i\000o\000n}{section.5.5}% 48
\BOOKMARK [1][-]{section.5.6}{\376\377\000M\000a\000c\000h\000i\000n\000e\000\040\000L\000e\000a\000r\000n\000i\000n\000g\000\040\000A\000p\000p\000r\000o\000a\000c\000h}{chapter.5}% 49
\BOOKMARK [1][-]{section.5.7}{\376\377\000S\000i\000m\000u\000l\000a\000t\000i\000o\000n\000-\000B\000a\000c\000k\000e\000d\000\040\000E\000v\000a\000l\000u\000a\000t\000i\000o\000n}{chapter.5}% 50
\BOOKMARK [1][-]{section.5.8}{\376\377\000S\000U\000M\000O\000\040\000M\000i\000c\000r\000o\000s\000i\000m\000u\000l\000a\000t\000i\000o\000n\000\040\000V\000a\000l\000i\000d\000a\000t\000i\000o\000n}{chapter.5}% 51
\BOOKMARK [2][-]{subsection.5.8.1}{\376\377\000S\000U\000M\000O\000\040\000S\000i\000m\000u\000l\000a\000t\000i\000o\000n\000\040\000P\000r\000o\000c\000e\000s\000s}{section.5.8}% 52
\BOOKMARK [2][-]{subsection.5.8.2}{\376\377\000S\000U\000M\000O\000\040\000S\000i\000m\000u\000l\000a\000t\000i\000o\000n\000\040\000M\000e\000t\000r\000i\000c\000s}{section.5.8}% 53
\BOOKMARK [2][-]{subsection.5.8.3}{\376\377\000S\000U\000M\000O\000\040\000G\000U\000I\000\040\000S\000i\000m\000u\000l\000a\000t\000i\000o\000n\000\040\000V\000i\000s\000u\000a\000l\000i\000z\000a\000t\000i\000o\000n\000s}{section.5.8}% 54
\BOOKMARK [1][-]{section.5.9}{\376\377\000M\000e\000t\000h\000o\000d\000\040\000S\000e\000l\000e\000c\000t\000i\000o\000n\000\040\000a\000n\000d\000\040\000F\000i\000n\000a\000l\000\040\000W\000o\000r\000k\000f\000l\000o\000w}{chapter.5}% 55
\BOOKMARK [2][-]{subsection.5.9.1}{\376\377\000F\000i\000n\000a\000l\000\040\000I\000n\000t\000e\000g\000r\000a\000t\000e\000d\000\040\000W\000o\000r\000k\000f\000l\000o\000w}{section.5.9}% 56
\BOOKMARK [0][-]{chapter.6}{\376\377\000M\000a\000c\000h\000i\000n\000e\000\040\000L\000e\000a\000r\000n\000i\000n\000g\000\040\000A\000p\000p\000r\000o\000a\000c\000h\000:\000\040\000C\000o\000m\000p\000a\000r\000a\000t\000i\000v\000e\000\040\000A\000n\000a\000l\000y\000s\000i\000s\000\040\000w\000i\000t\000h\000\040\000W\000e\000b\000s\000t\000e\000r\000'\000s\000\040\000M\000e\000t\000h\000o\000d}{}% 57
\BOOKMARK [1][-]{section.6.1}{\376\377\000O\000r\000i\000g\000i\000n\000a\000l\000\040\000P\000r\000o\000j\000e\000c\000t\000\040\000P\000l\000a\000n}{chapter.6}% 58
\BOOKMARK [1][-]{section.6.2}{\376\377\000M\000a\000c\000h\000i\000n\000e\000\040\000L\000e\000a\000r\000n\000i\000n\000g\000\040\000I\000m\000p\000l\000e\000m\000e\000n\000t\000a\000t\000i\000o\000n}{chapter.6}% 59
\BOOKMARK [2][-]{subsection.6.2.1}{\376\377\000M\000o\000d\000e\000l\000\040\000A\000r\000c\000h\000i\000t\000e\000c\000t\000u\000r\000e}{section.6.2}% 60
\BOOKMARK [2][-]{subsection.6.2.2}{\376\377\000T\000r\000a\000i\000n\000i\000n\000g\000\040\000D\000a\000t\000a\000\040\000G\000e\000n\000e\000r\000a\000t\000i\000o\000n}{section.6.2}% 61
\BOOKMARK [2][-]{subsection.6.2.3}{\376\377\000M\000o\000d\000e\000l\000\040\000T\000r\000a\000i\000n\000i\000n\000g\000\040\000a\000n\000d\000\040\000P\000e\000r\000f\000o\000r\000m\000a\000n\000c\000e\000\040\000E\000v\000a\000l\000u\000a\000t\000i\000o\000n}{section.6.2}% 62
\BOOKMARK [2][-]{subsection.6.2.4}{\376\377\000I\000n\000f\000e\000r\000e\000n\000c\000e\000\040\000a\000n\000d\000\040\000N\000o\000r\000m\000a\000l\000i\000z\000a\000t\000i\000o\000n}{section.6.2}% 63
\BOOKMARK [2][-]{subsection.6.2.5}{\376\377\000S\000i\000g\000n\000a\000l\000\040\000P\000l\000a\000n\000\040\000V\000i\000s\000u\000a\000l\000i\000z\000a\000t\000i\000o\000n\000:\000\040\000P\000h\000a\000s\000e\000\040\000D\000i\000a\000g\000r\000a\000m\000s}{section.6.2}% 64
\BOOKMARK [1][-]{section.6.3}{\376\377\000S\000U\000M\000O\000\040\000S\000i\000m\000u\000l\000a\000t\000i\000o\000n\000\040\000V\000a\000l\000i\000d\000a\000t\000i\000o\000n}{chapter.6}% 65
\BOOKMARK [1][-]{section.6.4}{\376\377\000C\000o\000m\000p\000a\000r\000a\000t\000i\000v\000e\000\040\000R\000e\000s\000u\000l\000t\000s\000:\000\040\000I\000n\000t\000e\000r\000s\000e\000c\000t\000i\000o\000n\000-\000S\000p\000e\000c\000i\000f\000i\000c\000\040\000P\000e\000r\000f\000o\000r\000m\000a\000n\000c\000e}{chapter.6}% 66
\BOOKMARK [2][-]{subsection.6.4.1}{\376\377\000J\000y\000o\000t\000i\000\040\000C\000i\000r\000c\000l\000e\000:\000\040\0003\000-\000W\000a\000y\000\040\000T\000-\000J\000u\000n\000c\000t\000i\000o\000n\000\040\000\050\000L\000o\000w\000e\000r\000\040\000T\000r\000a\000f\000f\000i\000c\000,\000\040\000A\000s\000y\000m\000m\000e\000t\000r\000i\000c\000\040\000F\000l\000o\000w\000\051}{section.6.4}% 67
\BOOKMARK [2][-]{subsection.6.4.2}{\376\377\000H\000a\000m\000p\000a\000n\000k\000a\000t\000t\000a\000\040\000C\000i\000r\000c\000l\000e\000:\000\040\0004\000-\000W\000a\000y\000\040\000I\000n\000t\000e\000r\000s\000e\000c\000t\000i\000o\000n\000\040\000\050\000H\000i\000g\000h\000e\000r\000\040\000T\000r\000a\000f\000f\000i\000c\000,\000\040\000B\000a\000l\000a\000n\000c\000e\000d\000\040\000F\000l\000o\000w\000\051}{section.6.4}% 68
\BOOKMARK [2][-]{subsection.6.4.3}{\376\377\000A\000n\000a\000l\000y\000s\000i\000s\000\040\000o\000f\000\040\000P\000e\000r\000f\000o\000r\000m\000a\000n\000c\000e\000\040\000D\000i\000f\000f\000e\000r\000e\000n\000c\000e\000s}{section.6.4}% 69
\BOOKMARK [2][-]{subsection.6.4.4}{\376\377\000S\000U\000M\000O\000\040\000S\000i\000m\000u\000l\000a\000t\000i\000o\000n\000\040\000R\000e\000s\000u\000l\000t\000s\000\040\000a\000n\000d\000\040\000A\000n\000a\000l\000y\000s\000i\000s}{section.6.4}% 70
\BOOKMARK [1][-]{section.6.5}{\376\377\000M\000e\000t\000h\000o\000d\000\040\000S\000e\000l\000e\000c\000t\000i\000o\000n\000\040\000S\000t\000r\000a\000t\000e\000g\000y}{chapter.6}% 71
\BOOKMARK [2][-]{subsection.6.5.1}{\376\377\000C\000o\000n\000s\000i\000s\000t\000e\000n\000c\000y\000\040\000a\000n\000d\000\040\000R\000e\000l\000i\000a\000b\000i\000l\000i\000t\000y}{section.6.5}% 72
\BOOKMARK [2][-]{subsection.6.5.2}{\376\377\000P\000r\000a\000c\000t\000i\000c\000a\000l\000\040\000C\000o\000n\000s\000i\000d\000e\000r\000a\000t\000i\000o\000n\000s}{section.6.5}% 73
\BOOKMARK [2][-]{subsection.6.5.3}{\376\377\000R\000e\000v\000i\000s\000e\000d\000\040\000F\000i\000n\000a\000l\000\040\000W\000o\000r\000k\000f\000l\000o\000w}{section.6.5}% 74
\BOOKMARK [1][-]{section.6.6}{\376\377\000I\000n\000f\000e\000r\000e\000n\000c\000e\000\040\000a\000n\000d\000\040\000C\000o\000n\000c\000l\000u\000s\000i\000o\000n\000s}{chapter.6}% 75
\BOOKMARK [2][-]{subsection.6.6.1}{\376\377\000K\000e\000y\000\040\000F\000i\000n\000d\000i\000n\000g\000s}{section.6.6}% 76
\BOOKMARK [2][-]{subsection.6.6.2}{\376\377\000M\000e\000t\000h\000o\000d\000o\000l\000o\000g\000i\000c\000a\000l\000\040\000I\000n\000s\000i\000g\000h\000t\000s}{section.6.6}% 77
\BOOKMARK [2][-]{subsection.6.6.3}{\376\377\000F\000u\000t\000u\000r\000e\000\040\000D\000i\000r\000e\000c\000t\000i\000o\000n\000s}{section.6.6}% 78
\BOOKMARK [0][-]{chapter.7}{\376\377\000C\000o\000n\000c\000l\000u\000s\000i\000o\000n}{}% 79
\BOOKMARK [1][-]{section.7.1}{\376\377\000K\000e\000y\000\040\000A\000c\000h\000i\000e\000v\000e\000m\000e\000n\000t\000s}{chapter.7}% 80
\BOOKMARK [1][-]{section.7.2}{\376\377\000F\000u\000t\000u\000r\000e\000\040\000W\000o\000r\000k}{chapter.7}% 81
\BOOKMARK [1][-]{section.7.3}{\376\377\000P\000r\000a\000c\000t\000i\000c\000a\000l\000\040\000I\000m\000p\000l\000e\000m\000e\000n\000t\000a\000t\000i\000o\000n\000\040\000R\000e\000c\000o\000m\000m\000e\000n\000d\000a\000t\000i\000o\000n\000s}{chapter.7}% 82
\BOOKMARK [0][-]{chapter.8}{\376\377\000R\000e\000f\000e\000r\000e\000n\000c\000e\000s}{}% 83
